500
0 4644 3005 2279 3297 273 4821 4721 3417 9301 2551 6859 545 6258 935 1668 9968 5715
1 3743 1181 246 4293 2331 9636 7837 8981 1323 4726 871 8040 8140 6547 7762
2 578 3895 8203 8423 2744 949 1020 5678 2408 1107 5652 6840 7321 9265 5097 450 847 6101 3894
3 4667 5069 2486 790 4086 2202 4880 6991 493 2787 7810 1276 4230 9293 4407 1042 8994
4 8342 7155 6269 9132 2085 5330 8768 5011 191 1973 3375 3153 9688 3982
5 6506 8175 1728 6457 2896 5617 1905 9459 4766 3926 7234 8125
6 3523 1336 2741 6103 2210 915 3859 7382 6826 1581 9040 8043 4340 4985 745 2962
7 7977 1694 5135 6653 2152 5107 8824 7562 5795 6598 9398 3936
8 3745 1019 3053 1423 3188 2272 7461 141 4941 5634 4704 8618 3841 4345 6295 7049 7459 6054 7880 7949
9 366 3473 9640 4869 4066 9159 9235 5687 1796 2326 9935 4134 468 1496 4027 9007 9244 79
10 1122 5692 6266 1956 8389 8815 641 331 6573 3456 8566 6170 1625
11 9745 7074 6706 5547 8123 8045 2203 8186 9887 239 3766 7285 6014
12 5509 2335 8507 2586 1233 667 2124 7824 9986 1521 4330 4071 7709 4362 3111 7296
13 5682 210 5525 6468 6698 7028 505 6025 7909 7278 6002 1962 6281 2666 5412
14 8549 7228 7174 7115 7381 5234 8750 3494 7451 133 6675 7713 2264 5307
15 3888 6267 7233 4486 2934 7344 1407 2730 5350 7903 2128 7699 2240 321
16 5872 5474 6185 2034 1371 2061 472 167 639 9014 6351 6413 6920 2
17 5308 182 8841 8469 6786 895 8792 3194 9954 1207 5546 813 1601 4624 979 2555
18 7447 6249 2939 3362 3262 631 9526 8042 2721 8052 8975 5038 5006 7736 2240
19 8743 4060 2135 744 5155 7687 8416 7232 9728 4039 798 5125 1670 3074
20 482 4956 1072 2614 779 278 6309 9408 6201 6588 7048 6584
21 9450 1708 276 7213 1059 4613 7582 5754 2602 8260 7105 4314 6613 2962
22 7165 9440 1168 5679 7581 8992 1028 9290 9833 7899 7841 2790 1383 7240 3012
23 4391 5535 670 9386 8111 8949 6257 483 2183 9161 9676 523 4558 4326 2643 2
24 5704 5825 5536 5703 5941 3837 9271 691 1369 9576 8895 734 8881 9332 7521 9522 2340 9139 5715
25 316 3637 7611 9137 6572 6316 3274 2815 8554 4107 9199 79
26 286 8765 5961 14 2197 2314 3856 1252 926 2886 3581 5166 732 5862 3376 7153
27 5389 9982 888 9593 4070 7253 7559 8289 2049 8473 4077 4223 6213 6676 780 321
28 4178 4908 353 6379 2127 1127 7676 4782 699 5211 4928 9659 5401 321
29 9187 7925 3662 3746 4304 4693 5864 792 9066 9083 8462
30 9646 1230 7638 9153 2472 8714 6628 5637 2515 6134 1353 427 2
31 9675 7072 5587 7787 768 7383 54 115 5839 1297 8744 8973 2288 7652
32 9838 8757 6776 5022 1529 4705 9181 5903 8481 5301 6153 7602 8722 1105 3543
33 4976 7718 6647 240 7734 153 7503 372 5445 9129 6938 321
34 4755 6519 4920 151 1693 6709 4474 3995 1978 5335 1542 652 9930 3584 6327 5962 5715
35 2835 10 8796 154 2258 4654 9300 6739 4429 221 9270 2986
36 1682 4684 8098 9606 4761 4327 9413 4792 1294 5660 2979 9533 79
37 3024 5442 5408 9484 7114 2571 4505 8780 2402 8681 794 457 8982 8387 2962
38 2769 9666 1319 3857 9691 7340 6557 8176 4564 4253 7586 3869 650 2555
39 6062 8170 9188 8444 5299 4093 3227 36 1669 7719 5247 6226 5917 7751 7883 2240
40 3267 7157 4553 1463 7082 9876 4607 3536 2617 3682 9349 2611 1984
41 7220 7742 247 1432 1435 7526 2524 4449 9351 5953 7314 5391 5794 5232 7413
42 7628 7654 5282 4153 9595 2423 8057 1180 3827 7055 7429
43 4100 3392 7680 7485 4363 2998 2973 5595 9402 3758
44 6964 379 9115 5395 2431 1298 1582 6449 1769 4808 3146 3877
45 9791 8532 9414 3866 9507 3394 9829 6492 6908 7457 142 4735 542 8918 6482 412 7968 9842
46 9206 8990 1776 2935 8793 1218 8605 8586 9747 696 8011 4909 4199
47 7513 287 9316 3582 2674 7828 6865 6582 4054 6674 2767 4161 6495 148 5715
48 8249 8434 3530 2332 5615 5800 1142 2785 6918 9021 9898 1139 5295 6074 1299 2121
49 2369 3843 1220 6619 5399 4218 6300 3034 5743 5450 7142 2060 4214 9637 2288 2
50 6639 6594 4140 4076 5769 7160 7874 9056 502 6299 8069 7434 2058 6778 1134 6613
51 4574 5868 8764 4126 1439 155 3415 7156 9708 5371 2215 3963 7992 3885
52 8927 6925 6456 3151 2270 2355 4181 5317 3714 7267 8911 5013 3950 6538
53 2476 2248 7865 8615 4977 5176 3003 8878 997 4914 4717 6986 1557 4352
54 5440 9438 3461 9711 4416 4166 2844 312 1908 1896 560 8470 352
55 9067 3 8804 1032 3086 5170 2537 2677 8247 8650 8167 3163 4199
56 1262 7887 5564 3132 3017 8090 2839 863 8625 3561 8958 6545 6458 3074 321
57 3518 9716 1159 3860 4851 3660 3161 3275 7543 5462 4539
58 3565 2191 3744 8428 6479 9610 6260 3629 9619 8684 6734 96 6137 2879 4324 6130 7949
59 1663 3729 5439 1907 9585 5056 9738 1727 8844 5762
60 646 7025 4241 2228 8785 2468 7510 7714 6129 4783 9988 7569 9842
61 42 9530 3270 8025 3373 5798 9104 9704 3736 6241 5553 2900 3783 3877 2962
62 4586 4168 1002 522 9317 7835 7884 5183 9569 9551 6700 761 4377 5715
63 9312 8390 1077 6541 2252 4966 728 3977 6633 3573 8609 3225 9449 6744 259 79
64 3759 4629 7210 9442 9989 4866 7192 708 1201 6956 8854 9114 2192 6227 8498 3830 1534 2240
65 3453 7241 4315 5443 6144 150 4563 6899 7901 2143 4522 3493 4541 616 1546 8495 2
66 9102 1414 413 6414 6954 8837 4238 773 6312 916 4078 2647 496 1668
67 3548 8264 4849 1590 9936 7197 2289 2559 4828 3820 3465 2846 2150 321
68 1892 8004 7697 3961 5200 9318 3284 4444 6388 835 3345 2863 4307 8134 5715
69 9216 2860 1400 6434 9671 5493 9011 8143 8302 7469 7085 1430 4728 7732 3936
70 9035 2111 7426 4033 5386 1198 8363 8683 2655 3505 9194 5690 8890 9256 6020 1289 3405 6115 5326 9533 9968
71 348 9291 8887 3531 1722 4226 9338 8208 2811 326 183 8711 5748
72 6286 5972 6425 9874 3985 83 1743 4982 1638 478 6301 2349 4901
73 6205 6595 4837 2795 9478 2263 8852 1081 7076 6155 8767 4995 6370 4222 2327 2962
74 7490 351 2065 7170 3547 7248 8720 7141 7651 511 1479 8634 1343 3012 2240
75 684 5772 3182 7356 7489 9784 2329 8570 5468 3072 827 896 9023 9545
76 6669 759 9529 2936 8350 2048 207 1515 7730 8703 6011 5986 1763 9848 427 7652
77 1017 9521 5929 6896 3755 9827 4891 8014 9693 7431 3079 1937 9632 2630 7575
78 7004 6469 6332 3071 5103 671 243 8853 6707 6996 5130 4356 7948 2382 8880 7012 7153
79 7939 6659 492 4323 9859 5218 3616 7256 6691 43 8116
80 8746 2918 2959 1451 5179 6075 7290 2882 2961 3041 8183 5359 6467 5412
81 7368 7329 5456 2157 9735 9926 6941 2779 6287 3715 2699 5880 79
82 3842 4187 7453 4938 4655 3653 5351 8440 2850 9764 9955 8193
83 9108 7807 6952 5905 9363 8319 3331 4986 9953 1468 2256 3379 7438
84 4703 5554 7796 8762 1044 2598 2746 6256 4512 7956 7783 550 719 3106 8994
85 1757 8248 6808 6210 3600 7927 8862 538 7484 2032 3169 1562 5636 712 8686 1762 1871 1195 1774 5715
86 5730 1665 6574 4592 3027 3664 797 1288 2144 8089 3046 5448 1348 8005 321
87 3522 6052 8731 1495 3850 703 4229 2406 8736 7183 1940 3700 3751 5962 2
88 2856 9036 1084 4594 662 3313 4511 9816 6901 2167 1639 5628 2175
89 9422 2092 7840 7672 3590 2989 440 4565 6750 9669 7545
90 5466 9051 7659 8457 1208 6157 7249 6607 3296 8904 6334 5788 5869 79
91 3264 3854 172 7444 1505 6961 6421 6417 4290 7455 6077 8907 8600 9086
92 5268 2356 2911 659 5287 1994 2070 4154 7050 6436 3681 7486 4437 3894
93 9857 4048 2274 6837 8413 2926 9797 3298 131 6470 8125
94 507 7327 8801 5109 9705 3143 4372 3440 3958 4855
95 1357 6396 390 1202 7801 7216 7437 3058 2668 3463 3316 2704 2962
96 7357 9207 2391 4414 6893 6382 8850 4744 953 101 132 135 7762 2240
97 8010 8267 215 6900 9225 8951 7262 7281 7474 26 3352 477 2892 447
98 2952 3192 5755 2379 1988 8362 1839 296 2736 1034 1344 2275 4341
99 4648 1488 8559 2458 5161 9038 6415 3096 7298 9920 1560 5715
100 1498 4050 2869 9523 4242 2550 1192 8738 7416 5390 3970 6166 8858 5677 2986
101 1237 4295 9567 1007 4819 3189 519 3902 8191 425 4893 8307 6523 3023 321
102 4489 2290 4923 6433 1828 6181 2050 6525 5220 6903 7598 6250 7791 4035
103 423 8190 765 1716 882 820 9262 401 1196 1345 1429 6938 2
104 9357 1364 3909 1941 5787 1410 9047 7000 7996 4677 6602 6262 196 6731 8431 935 321
105 8710 8790 4954 325 590 4038 5334 1838 22 5059 5904 6503 122 463 5964 116 979
106 5658 9514 6894 5674 2582 9200 491 4903 7691 4310 3932 3050 9075 79
107 7358 3954 6471 3383 7688 806 421 8199 3476 5138 5492 3521 6534
108 849 529 8490 1466 3460 4991 2819 685 1567 8418 1555 6428 9007
109 9031 4538 8803 2687 4032 7351 4200 6767 1814 3920 3597 374 9013 9224
110 8916 1303 8758 9945 7967 8598 3713 8501 2284 5702 6827
111 3959 5093 2701 5770 113 854 8374 7036 989 8463 774 2422 9160 1979 2288
112 6164 8505 2634 5552 8241 2713 1864 4830 8845 6105 5340
113 3193 9566 7890 1038 5049 6854 229 1075 2670 4020
114 593 1520 6063 930 4814 4026 5362 3451 2818 8781 7482 7755 3937 2595 8284 569
115 1631 8652 1064 1420 1818 8146 3527 8572 5751 8527 5907 8716 9903
116 6048 396 2842 3458 5835 6139 4572 8215 707 3147 4671 9208 5186 285 4527 2
117 1200 5705 5115 5723 8574 8135 7454 1012 2033 6320 2735 7355 7120 9533
118 731 3702 100 7118 3031 2575 1565 2755 2384 7960 4780 7806 8130 5715
119 9218 1179 5867 7859 4274 193 2255 4256 5104 4873 518 3411 5336 4129 9244
120 8674 2505 9130 134 3797 828 5228 7008 6979 7591 265 88 6165 5500
121 4720 9192 6724 33 1399 7683 901 4277 950 3044 3084 2941 6817 2820 1749 2608 6296 3836 2962
122 8464 5343 1194 5147 668 4036 9315 8432 6224 6502 3580 6560 2414 4311
123 2530 1157 1244 815 1340 6773 2765 1476 6764 1376 2857 5885 1125 6938
124 1642 6993 1147 4636 6621 1011 1711 2972 8137 1958 3625 4115 9101 726 205 5715
125 1362 1152 9786 8231 7408 1552 4810 5339 7743 4781 5052 2240
126 750 8287 2059 552 3414 688 7273 4195 3422 1212 1571 6343 5064 8491
127 7414 1773 3648 7260 8610 4542 8035 4589 3535 6963 3100 5797 6082 6613
128 2560 4948 9280 5246 8835 7747 6851 4532 5683 9436 9443 3877
129 7021 9694 3348 1031 5073 389 6587 8635 272 2105 7026 2577
130 8717 7817 3099 6852 2548 713 7738 6936 6949 7013 9453 7652
131 9123 5995 5236 5559 8368 9962 9679 5075 4573 90 427
132 6863 5085 6921 1501 3972 216 4900 360 9245 1666 1865 5257 1246 7456 2
133 6188 7560 7563 7427 1398 5608 2007 6167 3862 2109 3320 2662 4824 4199
134 1715 7951 8821 6671 5410 3676 4935 8740 4289 7204 5365 8922 3012 321
135 4566 4588 8056 1695 7392 3381 2624 4955 4065 695 2946 8608 6186 1912 9461 2904 2155 8212 5962
136 7311 1867 8046 5017 2107 6577 1935 9096 5298 4730 760 8644 3982
137 8967 1972 4008 608 8253 5429 7205 3442 34 603 5054 6270 2001 541 4760 5099 2986
138 1656 6222 2488 5327 3657 3418 1686 1640 3467 2100 9264 7720 4079 7852 8910 9533
139 3557 4853 4388 5055 8888 323 9171 7549 1102 6861 2396 3236 427
140 3628 7792 5182 9634 1120 9721 9019 5573 7566 8092 3432 8406
141 2457 8012 5346 8789 7322 1394 3876 7235 349 2030 7069 7694 3703 7153
142 7201 9 5666 2317 1895 6091 1304 4162 838 6030 6021
143 6614 4133 8670 362 5144 4158 5293 1279 7043 8252 3877
144 1725 3983 1834 4328 7963 4243 4321 910 1917 4333 6681 9834
145 9714 5815 4556 9657 3596 4169 2541 8885 1781 5195 9015 2810 8899 9990 5219
146 7342 4737 8060 9722 2213 8548 175 4013 4653 8410 7606 714 1611 2439 6631 876 2774 625 2555
147 9809 6265 3174 7551 9283 8846 7237 2711 5035 3288 1091 4612 8812
148 3794 4472 4929 7969 1085 6992 3293 1440 2063 7409 2877 4958 2962
149 9710 1324 6592 3310 4318 7126 5275 3308 6512 8037 7556 304 2475 5053 7699
150 7741 7536 1802 5555 9232 4396 2719 3592 6777 7133 3077
151 5244 7587 5169 5874 9415 9621 8926 3152 8530 220 5507
152 5900 9340 442 5624 1188 52 7274 8579 1504 5258 8491
153 9305 6796 8298 4942 2421 6530 7261 5710 7946 8425 3846 8239 9107 4199
154 5857 7385 5086 6683 6736 6124 8371 9994 3772 2654 632 2467 9120 5412
155 317 2291 446 4822 9674 1902 5342 6656 1465 5700 72 5785 7193 6692 79
156 9424 6688 1146 8164 6339 5065 1938 3011 4786 843 9842
157 5467 490 4674 5204 5203 648 8523 6510 6289 3620 5639 1942 1731 3894 5715
158 236 1236 1301 8051 1403 2981 2462 6064 9472 6044 9007
159 5731 7976 3739 6460 7428 1756 2764 5320 9273 6934 4045 8068 5848 5962
160 510 5418 5402 6000 687 8388 279 7597 6713 5481 6650 3423 3265 1454 7438
161 8461 3711 2207 7435 3506 5508 2006 8521 8202 8531 9197
162 3167 7800 9093 8420 4435 2969 8238 5621 9156 2322 9404 321
163 6597 7127 4551 7038 5778 9588 5773 5251 2359 6787 6636 9259 8293 9842
164 3613 4339 8050 7494 8898 6646 3777 336 3326 3753 2
165 9583 2186 2682 3563 6345 9937 6121 1137 1417 5948 7641 8053 2064 8406
166 6717 5134 3338 5388 5081 1022 4892 4750 8445 6702 9723 1572 3043 5507
167 8272 7984 2712 4593 38 5127 5131 1425 5278 7833 1992 4412 4180 5437
168 2953 9018 9939 944 6426 8817 1576 9284 9807 3144 2643 9533
169 6940 7305 9736 103 8033 9644 4840 4028 5044 3203 3371
170 6890 810 2444 1055 9597 3656 5430 2747 2249 8724 7086 4531 3586 7699
171 5728 3069 1010 4389 5609 8787 6092 4797 2871 4132 3447 8158 8866 170 8227 6611 1524
172 6374 9660 661 6740 3667 7359 3931 7022 3752 2962
173 7499 2766 8225 4266 7546 8773 4698 1559 5491 7476 8332 7759
174 3632 7493 4281 741 5532 5047 4173 6133 4651 9968
175 9388 8897 8103 7915 250 7295 6010 3716 3271 7077 9470 952 8528 1083 3032
176 3429 2531 3990 4448 5398 4487 5226 627 6623 5416 3533 5762 935
177 3218 212 7316 3549 7075 6038 4587 4610 8654 1046 1238 2986 2240
178 4421 8077 8739 4015 4061 3471 7856 8466 1087 8831 8687
179 7561 3691 8989 3116 9568 9370 5355 7784 1050 8074 9027 9823 7617 2346 9731 7883
180 6416 6886 5912 5024 5656 5321 2243 5861 4042 3291 9393 8883 79
181 1760 9717 2008 3537 2372 889 7601 5854 6444 1761 4763 7997
182 4554 4007 1098 8819 8753 7675 2287 6917 3627 4939 6967 6258 5715
183 3211 2806 4537 7352 4575 3318 8931 2251 6805 6823 7108 7064 1752 1117 321
184 5738 8511 767 6221 6389 1458 5799 7225 8459 8198 8580 7795 6635
185 1306 3749 2079 5364 9395 7186 9196 4264 5563 1644 2554 5033 5880 2240
186 5119 4708 2557 7821 3279 1626 9400 3910 1628 8315 1658 6978 8387 7652
187 6616 1652 4806 6302 6798 9957 8230 6042 1889 3330 9766 62 8078 7 2013 2
188 6929 1153 63 1806 4683 3643 123 2590 7304 3721 9586 7463 7023 139 9615 5748
189 7775 3425 9602 268 1583 230 2218 49 1847 6568 1980 8766 1734 8209
190 664 5503 864 692 9493 1536 6274 2621 7839 3655 921 420
191 2727 8309 4224 1919 3946 1052 4777 7616 6070 7627 4672 3022 757 8257 267 1145 5340
192 9186 9313 6279 8147 947 1662 3341 9457 9498 5302 1164 8671 2121
193 9379 4716 924 8306 9401 9492 3838 7299 3553 5863 232 6060 199 1774
194 9643 992 8914 4988 9902 7727 6172 6085 5110 5898 7037 9219 6537 7413
195 4963 8624 4996 5016 8966 218 2885 3614 6554 106 9311 1822 6465
196 437 7399 2754 1527 9331 9802 3771 4519 7686 9364 4627 4765
197 7786 1482 6311 1518 4192 6912 5598 8632 7181 9845 300 9931 5775 4855
198 5 9622 4000 2231 1998 793 3526 4402 3251 7642 6875 9295 2673 4679 9842
199 5517 4331 6543 6878 102 1632 7945 4800 1375 5185 9008 8994
200 6924 2353 3835 4646 4504 799 514 2123 9686 408 9168 6746 3541 5219
201 4332 656 315 873 5551 1321 3978 3195 8310 5504 2962
202 4842 1906 3735 7774 8734 7091 6395 756 2024 3158 3012
203 6169 1890 6076 4278 3828 7131 8430 2894 5292 4544 2970 4170 979
204 6051 6933 3277 6972 3631 1481 1616 6143 7825 4846 5248 4901 79
205 2714 6915 2680 1775 1426 1924 722 8308 9890 3098 1719 3913 5933 6737 4199
206 9358 3133 4051 1109 7138 3501 3080 5444 1893 2297 5126 4176
207 9236 4177 7255 2330 7194 4702 969 9624 1309 9485 2740 4004 4664
208 1948 2399 906 6398 2827 7650 2638 8178 6234 2536 1327 5322 2288
209 4936 5328 1377 5499 1528 8942 2567 6809 8978 1845 7088 4020 321
210 897 8542 7907 4736 6590 2471 9668 9248 7605 1339 1058
211 9626 7143 4635 5434 9041 1224 2781 3951 7301 6089 1361 7845 9545
212 1723 9997 7904 8705 7716 4649 1140 2378 8055 7347 7272 7307 5356 6216 5902 7517 3074
213 8969 2305 2663 284 5133 5102 7970 3719 7265 4567 9238 4507 7782 7762
214 613 4233 6494 9481 1857 3349 9534 7396 5070 3750 9076 238
215 9466 21 8000 983 1191 8816 5936 7104 7062 9878 4823 9138
216 2722 532 6347 9119 2245 6318 575 3852 657 4124 2136 9374 8491
217 2672 3847 4550 9830 1530 9209 5387 8474 2265 9325 8270 8188 4314 6938
218 2996 6708 5701 44 9335 439 7721 5061 3129 2169 8733 6913 9050 2003 9075 2240
219 1766 4136 1622 4240 4902 844 5124 5454 4296 5239 7790 8830 79
220 769 7633 5173 2338 4135 1881 9142 1396 1401 7219 321
221 3939 4422 3126 5810 8782 7059 2610 3057 8351 6922 7922 6672 9545
222 6505 2214 1284 6394 4031 3683 679 305 5793 9215 925
223 2669 8678 5034 8291 2568 6733 7289 6783 3398 8327 2052 9299 7438
224 7574 8278 9475 2262 4044 3322 5008 2521 6544 5548 8157 5780 3103 2240
225 1866 1349 4740 986 8250 8808 140 9487 7609 3673 7318 6360 3602
226 407 1347 2925 8018 1450 3693 5911 9974 9565 6101
227 7129 1255 9359 6294 2038 1182 4179 2794 2992 8626 8538 6400 5141 1256
228 8645 8979 2903 4470 8192 2365 2238 8756 6357 4040 7333 376 6049 8134
229 1826 1047 3200 4533 1923 9383 6926 6110 4185 7040 2413 1668
230 6152 1603 7531 6793 1617 606 7799 1226 4577 397 1534 6827
231 5693 7270 8937 6362 4439 1014 9702 6483 2597 6163 6253 858 2158 3113 3936 5715
232 3278 3178 9163 8564 5990 6578 5892 7041 9025 2958 5526 2494 6480 7180 9623 2437 2555
233 2968 5680 740 9049 6781 9028 5684 1467 7665 6306 1979 7153
234 6974 2460 500 1664 6804 8952 9384 6282 9758 8105 3982
235 2553 2224 2185 4213 297 7745 3301 5112 3391 7753 7811 4905 5583 9533
236 9611 7608 8529 609 5913 257 3000 9184 3446 4397 1851 8601 3119 2155 9007
237 8737 2516 3540 4904 8071 6273 9432 8001 3121 5605 8352 2867 1216
238 2042 4456 8152 6670 8696 8874 4546 4292 3764 5957 5417 9071 4450 7179 8491
239 3500 1586 8081 5121 7134 9125 1801 6231 3544 2518 4091 4326
240 6642 3767 6036 8513 2451 7223 893 3438 6437 8022 5899 3012
241 6742 1681 3134 4946 1673 2047 5277 2222 8443 7202 4275 9733 1149
242 5708 5522 9304 7808 6338 8337 195 6882 8382 7259 2481 252 5156 3728
243 9781 4856 7754 6774 1203 5706 6601 2594 4148 56 3964 9244
244 5878 4139 6824 497 8324 7804 2852 823 2693 3543 7652
245 3899 1474 563 2695 3222 364 9780 8447 5744 84 2615 2986
246 1654 5856 7353 3125 4478 8275 1093 9204 1849 929 3818 4749 9604 9230 6547
247 9366 6452 3454 7873 1587 4073 9871 9372 8707 6914 1570 7669 3144
248 5667 7150 4754 6209 7430 5845 5157 3802 1295 5458 79
249 8305 2102 666 6548 4580 9090 7380 5871 1316 4225 5003 7949
250 3867 9552 1453 8761 166 6662 3198 9140 2247 2114 5437
251 7955 987 4688 9382 1219 5531 1370 831 2671 3085 5072 412 1668
252 6440 4969 2881 4767 6203 6041 6315 966 8141 1932 7895 7864
253 8236 982 9133 7863 3181 7580 7303 2605 3051 3513 4457 8125
254 2370 2532 9617 6606 6005 2540 4217 6397 3092 782 8344 7732
255 7377 4513 6775 8217 6102 5852 7626 7448 6001 4882 5676 2872 6654 6464 9995 2480 321
256 8276 8009 976 2777 8455 729 781 6627 233 8962 4697 7379 7630 1710 3877 321
257 1952 8510 9241 5404 4874 551 345 9535 8163 9005 1799 9732 3376
258 4215 2067 6488 8889 3796 1483 2453 8421 2690 6387 2288 5715
259 7020 1380 7293 8560 7282 29 1991 1273 5611 8480 4286 7429
260 6640 5896 4475 5259 9069 3286 8902 5958 4452 129 2639 9573 7652
261 7567 2083 5162 1920 4614 1880 7980 253 4578 7662 5515 1770 4176
262 7894 6278 1785 8864 7881 445 6474 2302 3800 3863 6453 557 2340
263 4483 6609 3185 4490 4895 4666 2851 2985 1121 1774
264 7017 5158 8138 465 9517 7006 5252 6542 3164 7335 7296
265 4376 3350 5654 2868 788 1720 1697 4990 197 8320 610 3823 6635 2240
266 9428 4751 7276 2456 5495 2367 5375 283 2078 9306 8822 8539 6141 5715
267 8427 7663 3670 2504 4279 8633 6349 4793 9070 2383 1227 1299 321
268 9690 3539 8131 8770 8810 9543 449 6902 165 1569 5816 546 5431 5132 1167 76 321
269 5890 955 6556 2313 9635 6034 8449 4811 7975 626 739 4099 4734 7771 6613 79
270 4361 3233 9110 1989 1049 9157 8243 5657 4818 8493 521 1510 9043
271 7921 7031 7588 6017 724 4861 6330 1780 8518 2933 8987 569
272 4120 3624 7010 2324 8708 6275 2788 9144 6109 9697 3704 3285 5748
273 7137 1419 6620 5255 9389 451 4788 7211 3365 9032 3241 675 6067 1299
274 9030 5926 9082 7332 5347 9266 7552 4883 4087 6567 4985 2240
275 1342 98 8997 4727 2426 3014 4650 874 263 1585 1884 6687 4035
276 6872 3148 8996 9252 6031 9127 2112 4167 4950 3319 5163 2685 79
277 9495 2164 3388 6958 9298 686 1634 309 5384 1190 8603 8920 8406
278 2703 9582 7789 2041 1033 1688 6358 5994 6648 9270 3012
279 7161 7287 9116 2572 2118 6951 2848 6987 5520 7868 8832 2240
280 5187 8947 4949 1850 3534 6346 9967 582 9541 7924 6762 2404 6584
281 5920 3822 219 6680 2129 879 9577 169 6447 7116 241 5352 3007 4951 9545
282 8153 2043 2580 512 1619 4386 766 2635 8699 7309 2930 6928 5445
283 2780 6276 5829 41 3554 7870 2201 7196 1248 4350 2407 5715
284 6507 7740 8148 3503 9895 7466 4517 152 2963 4838 3408 5880
285 2593 5123 2168 1291 3650 6504 5842 8120 8870 5715
286 2843 6192 1267 7933 8020 4041 1786 3480 1597 6381 935 9533
287 1388 2401 4758 2908 147 4665 4619 2018 5822 7030 2951 8896 9545
288 8592 1335 5590 6235 7393 1792 624 4709 7885 2031 1964 700 6161 7949 5715
289 6217 9303 5737 2660 5943 9650 1746 2002 7916 4258 8234 6148 4106 4561 6187 1105 5507
290 3385 8142 9782 5188 905 391 3804 5838 1471 9948 6364 6516 9930 6938 321
291 8117 2991 7952 5215 9866 7843 9574 7027 7090 3485 1175 8484 4199
292 1004 5369 1130 7415 355 8194 5041 5974 755 5449 2887 4917 367 4034 6327
293 5094 4695 6738 2616 5988 3406 5459 6905 7770 1352 111 1817 5996 4531 7883
294 3808 4569 1624 2140 1558 1788 1533 9103 4342 4257 5482 5168 5349 7367 6712 7120
295 8488 5477 2160 7689 2987 7550 6971 1158 4663 7836 1657 2643
296 3059 5089 5139 9640 7151 6658 3781 9519 1365 9237 2538 171 3821 745
297 3887 4559 3325 1005 6116 4272 9831 7739 5675 9744 5752 6692
298 6068 7107 1700 3512 1909 5949 5196 7629 2239 9496 3032
299 7533 918 5096 1239 5653 8906 416 7386 6367 7519 9129
300 996 227 6558 7570 2708 5415 2667 3419 9260 255 270 715 9073 3981
301 5600 9434 9310 1765 3622 4600 7798 1071 7666 3723 7001 427
302 7512 5814 8213 9949 2800 4122 5506 4212 8462 79
303 6496 1360 8263 974 6612 7998 1114 1514 4152 8658 5245 8386 3521 2555
304 3327 543 2071 7375 8118 5603 6586 5505 7078 3337 110 2182 9848 321
305 6410 8083 4798 2570 4694 7622 1556 4438 1929 3048 9380 5279 5671 2875 5341 79
306 3754 6748 7816 1431 2591 9812 5976 7854 8861 6448 8722 352 321
307 5963 9867 4111 4769 245 6168 2950 5804 6406 2028 5446 3012 321
308 6849 5358 6385 956 1507 8136 4952 6004 2465 7764 4784 4237 9991 9075 5715
309 5596 1672 6259 1650 1829 9559 5273 1418 9463 7772 3776 3012 321
310 3968 7440 1815 7371 8039 7797 7218 2897 269 9713 7120
311 7547 6723 5216 9176 8185 3156 8496 1318 3928 7990 6482 5340
312 5534 6431 9862 9222 1729 3992 3016 5944 9655 6990 3061 1784 5962 79
313 8483 771 3669 1412 1517 4186 7525 663 9403 535 1561 7851 1898 4343 8293 427 5715
314 30 7773 4658 1427 7024 8064 738 3525 2394 4228 5514 8555 1391 4491 3380 5869
315 4857 5285 144 4194 7220 2817 2199 3431 8516 736 4501 8491
316 9740 6024 8059 6117 3056 4983 694 9502 2825 8196 3588 935 3012
317 7793 5875 2301 9746 2569 4387 2973 60 9344 9804 7611 3520 3665 1984
318 4879 7657 800 4017 4080 7647 1497 9278 6555 7452 3424 6946 5323 447 321
319 5924 1292 2636 1855 310 9094 1796 4081 8642 8088 5272 5713 8294 4340 3885 321
320 8515 4772 6015 3508 4832 2922 4633 3382 5578 6035 2055 5834 9347 7713 8685 6938
321 4309 2035 1975 9511 3675 9258 1220 5288 8988 8403 8216 8881 3584
322 2099 4155 6120 6909 6811 5662 5919 9147 3452 6022 4660 8794 6938
323 8143 6725 6794 2230 4747 3049 2469 6176 3813 5860 321
324 5153 6699 4590 3486 3923 3035 553 7154 2341 3873 1702 5729 1313 7607 2732 6938
325 5641 1475 2464 4144 9557 1111 6193 928 6814 1779 8552 2589 6404 259
326 1767 7317 8905 9651 9334 7888 4867 6354 2840 7474 3830
327 2296 7559 81 2029 1580 8502 2709 1161 3626 4850 9755 6030
328 5271 7656 2420 1280 9771 9499 1859 9664 209 244 9337 2145 7153
329 5057 958 8176 6138 7065 9872 4247 2543 634 7360 2171 1831 9301 321
330 6770 5750 246 7190 7827 226 3747 4696 203 1186 8930 2978 1904 8134
331 7849 7166 6150 1264 7443 605 1437 9900 1655 8614 8666 8599 7153
332 80 8915 3005 1705 1627 6003 358 380 3956 9976 3915 6879 6236 476 5219
333 1386 5575 8113 4687 8661 8226 8742 3176 9558 2418 6020 4199
334 3066 7623 4062 3263 3567 7530 1665 8446 537 9233 8181 8976 3064 9483 2
335 7269 7619 8150 7961 2957 8084 8389 2077 370 9689 1472 4092 8145 8005 2
336 1883 2417 8630 6529 23 547 2644 3760 6348 5964 8797 7699 5715
337 4638 303 3441 3026 6810 4095 9861 235 4583 8823 5685 5568 8130 321
338 3372 8860 6673 5781 2492 6393 6630 281 578 7781 1581 7938 7198 6292 9374
339 3138 179 9077 7101 5813 9887 7226 2235 3891 6800 7044 3701 2790 4855
340 7232 768 3019 8676 9326 6154 2947 8627 1956 7762 2240
341 505 4941 1882 1717 3202 143 1950 8360 1696 5886 526 3199 5005 352 2240
342 8338 1092 2770 8882 1957 6378 6058 2798 3280 4411 3762 5898 7965 9933 7413
343 6466 291 222 7275 82 3555 3803 7993 9193 856 6937 4801 183
344 1615 1392 6263 1276 9044 7338 9285 1805 8672 4937 9792 670 9822 8269 7153
345 558 812 2126 9627 9203 5300 6944 8127 9616 3314 7842 8722 2
346 8249 4605 6747 9563 4947 5276 5453 9011 7991 6727 2983 3836 7153
347 8372 8098 7246 8648 5982 6722 4086 3831 4191 9035 9080 2650 7153 1668
348 2465 2948 4053 9081 5561 8653 4325 2242 6158 9510 2533 7153
349 871 9026 9416 6832 6780 7844 7752 9787 8999 9905 5297 5045 2264 8043 79
350 8981 4994 7702 3378 6316 6521 8436 5725 3456 1358
351 1322 8405 4968 9466 7506 4975 2066 9673 6439 1610 917 9270 7153
352 4293 682 5547 5904 6490 9312 961 8921 5968 2500 5301 7762 7153 6613
353 4613 2545 2622 4628 353 5779 8640 2220 2308 5597 4308 3468 7880
354 5433 6992 7330 6959 6561 3765 1925 5556 3743 131 1156 8693 2128 4985 8711 7153 321
355 998 27 6337 9172 5178 7215 213 3137 7723 4358 3783 8711
356 1451 871 9941 8936 5664 3274 3410 3744 5730 5980 133 3630 4027 7153
357 5284 2640 4251 5473 2796 637 7045 9707 6184 1135 9848
358 8346 7981 2692 3542 7365 3258 5213 2823 6665 417 4348 8618 5880
359 5601 1516 915 4789 6974 2191 5424 8469 7350 7285 5788
360 7837 4052 5825 8038 2515 701 9981 7103 1763 6534 4199
361 7887 1703 2465 4576 4579 1266 6583 4434 5151 774 3004 7153
362 6457 2351 7630 3524 8768 768 3774 2381 9398 9265 7240
363 9254 871 8376 2279 3046 5951 1128 6371 2408 2750 7992 7688 3521 2
364 754 4743 4724 9292 1867 9433 1691 6242 485 4145 8254 3386 5909 9979 1625 5715
365 7549 2742 2172 9529 7389 9688 3641 7414 9149 8527 523 5029 3261 6054
366 871 4437 627 2764 4644 1927 2519 9846 548 9904 3068 6303 2842 3827 8711 4199 2
367 7604 7115 7243 2122 7707 6160 7460 4014 2977 9576 6903 1937 8713 2696 650 6458 7153 4199
368 2457 3404 5025 8967 1072 8045 324 4074 6295 5400 8221 2057 7153 2962
369 6414 4908 1323 9096 3530 1844 5161 2294 4431 9124 3745 8641 7978 4004 569 6986 2240
370 7824 5282 5904 7676 4964 5414 6414 8288 7709
371 3766 6614 3034 3047 5983 4380 8260 3242 2303 5020 1343 2240
372 699 2559 4416 5682 1435 602 976 2150 4591 3219 4655 2741 2123 860 4199 9968
373 5553 7169 3576 6776 6519 4214 8963 7837 4852 9562 4082 2113 9354 850 9129
374 6914 2197 9338 3593 4602 6475 6451 8540 6112 7572 3612 4752 3083 9598 108 9043 5064 7153
375 7865 154 5183 4813 2034 506 2628 4691 9640 1924 5155 574 4855 2962
376 4134 9691 7700 8032 6213 1645 1675 3835 5882 750 149 4199 2240
377 5509 482 6851 4705 2551 8824 2458 4821 4093 7015 3895 3145 8176 3608 4893 9444 1496 5219 2962
378 482 9338 2457 9040 6325 483 9450 9445 7767 501 7055 5307
379 2369 6992 4418 478 2426 1039 9449 7248 708 4891 4339 5553 4851 5097 6482 6938
380 1371 3518 1276 5943 9914 1181 3973 1180 2203 674 2904 569 4199
381 482 5135 2243 1955 3502 1944 3362 2883 2952 3297 6860 552 6134
382 7837 2248 7307 5013 1968 6103 276 2393 8987 2210 8893 4670 5788 1670 1979 3012 2240
383 2952 6899 7602 372 2376 7277 1020 2575 3820 5269 4908 9153 3860 4340 1984
384 5182 5389 8750 2192 6334 2331 6307 7347 2034 7474 2263 9066 2617 7435 7630 1348 5326 3012 5715
385 8052 3473 5335 4100 4766 4097 7828 187 4496 9640 155 3106 7968 3012 6938 321
386 6717 1905 7474 670 6773 6598 1463 5157 6468 7174 6859 6269 631 5117 8423 3012 3074
387 3132 9521 28 1350 5595 301 1918 6002 5586 6829 8212 6771 838 6470 3012 9533
388 9414 5456 1853 2936 7837 9222 6964 9807 4706 6329 1579 2240
389 4564 2524 191 3700 2844 7693 3702 1592 2878 141 4399 4367 2542 2537 652 2240
390 9056 871 2575 5093 6157 4726 6249 8853 8854 6698 4027 7733 374 6538 2240
391 4721 7602 8743 8390 6077 1682 7903 1252 7992 5376 2061 1829 2537 9023 6778 7736 3012 2240
392 871 3296 2228 7602 4000 7474 2067 6767 4481 8987 5332 813 8646 9800 625 4311 7153 2240
393 482 2934 6267 8803 5107 8025 5330 8286 5617 6281 946 7153 3012
394 4140 3702 4407 578 8434 3581 1012 6104 5390 4381 155 6415 7055 7153 3012 2240
395 5161 6457 1542 3985 5442 6269 9132 7321 6557 7256 239 8808 4692 7285 7153 7949 2240
396 3702 2135 8040 4956 5547 2575 8790 7837 5370 667 4977 9027
397 3888 9318 4070 5298 3843 1102 9440 3313 9200 1050 790 7960 6899 2109 1134
398 6706 7234 2575 2486 3003 7233 9829 2366 4238 3977 6471 5350 3153 7153
399 578 3597 7485 4218 6382 9423 502 6991 273 7228 3192 7874 2240
400 7141 6669 827 7659 3411 1907 7265 5525 96 8566 3856 8765 5365 3225 2264 7153 2240
401 8342 3895 42 5964 6388 8790 8418 2258 7174 7260 3300 955 5902 1542 3012 7153
402 6964 5301 3086 2886 998 9838 3005 4168 1127 6185 7036 8841 1831 7992 7153 3012 1668
403 9021 5308 8056 2602 331 9161 1220 3267 2952 3664 5090 4027 4341 6584 7413 2240
404 6267 9357 2228 997 3637 2730 8033 287 3629 8098 8239 3783 5103 1962 8634 4362 732 7153 9244
405 276 3415 1436 7085 8887 8973 2434 5687 9035 2660 4644 9399 210 7960 7474 5326 7153
406 4938 6739 3822 5317 1973 5615 4761 6826 3375 9207
407 7907 5468 7382 6249 4735 7992 9466 6262 6257 7261 9027 2127 8686 7713 3537 780 7699
408 9293 9415 792 1297 142 8239 2617 2996 9021 2092 9225 6324 9083 7012 4624 7153
409 7562 8801 7582 7687 3895 9021 1262 6351 7381 1077 6374 6547
410 5535 8743 7510 7074 1323 6503 4391 1336 9241 482 6311 5794 325 4828 4045 8209 7153 3012 2240
411 7459 9747 9838 3394 5234 9797 5535 7249 7028 6739 6676 7992 7699 2240
412 2952 9833 3895 4226 7000 4304 4893 379 6506 3682 2349 3926 9688 1831 4341 7713 3783
413 4684 182 3071 1303 6961 2228 4161 8815 3151 3547 2359 1159 3146 1979 2240
414 7925 9312 1682 8780 3494 5941 7232 4086 3202 7170 8090 6739 707 6482 7699 2240
415 6706 6952 8042 7346 7290 5103 5481 4511 4607 4594 88 1276 5656 1056 8134
416 2575 1495 7155 1496 5065 4891 8507 7992 3313 7730 5017 243 1207 6281 5326 1105
417 7718 1369 2423 8046 3392 4159 6425 5157 2379 8170 7713 7699
418 2575 6281 4942 5017 6460 2228 9459 1935 5788 6299 575 9704 6750 325 7285 719 7699 5715
419 246 4013 2335 4522 9200 7513 9402 9954 1694 4821 8416 1425 1571 5307
420 8260 6698 4100 9051 5247 4808 5679 4766 5825 4226 4331 9206 1905 412 6547 5917 7699
421 5462 5769 9187 7383 5553 7006 4893 6865 2369 1220 389 1948 8792 1560 4786 7699 2240
422 6698 1233 7278 6840 5173 2505 8289 8040 759 5359 5450 3681 1716 3053 8907 9478 6778 7153
423 2272 7939 1288 3702 6153 5462 3313 4928 7174 6698 2989 4760 1276 5301 4027 259 5715
424 699 6734 7810 9102 895 9067 792 4808 7887 3 5343 8428 7153 7699
425 871 6734 1230 9945 895 2655 8272 5730 3518 8260 9602 4906 2856 7153
426 8176 9161 6734 5738 4226 5788 7977 4060 2213 10 42 3846 8793 2979 7153 8134 3012
427 6249 6382 9708 1430 2111 545 9887 4976 3628 366 7285 4341 7153 3012
428 8481 7581 8803 3616 2842 3614 3151 9634 278 6739 7521 6734 221 8431
429 792 2228 5553 1028 5161 3460 4726 2157 3298 7285 6698 3537 1781 7602 7153 2240
430 792 6734 5365 8052 3702 1059 505 4702 768 5173 9728 8605 9357 2842 450 412 7413 5715
431 3713 5905 7285 7000 9379 9982 4416 8186 8846 8272 5462 2856 6739 6170 8431
432 8389 8175 6979 6996 2150 4891 4586 8634 2111 2785 4178 5839 2240 7153
433 7562 2150 4644 4039 6379 5617 9015 96 7285 2202 9139 7992 6734 6269 496 8167 6778 259 2240 7699
434 3745 5795 5705 8586 5800 3746 1019 3822 4782 6859 3460 901 6547 2240 5715
435 667 9708 5462 9137 4869 478 895 7451 3523 6436 6320 5728 2274 6808 2240 4326
436 7562 5038 6767 9440 1077 5617 4226 5658 5692 5440 9595 9216 4054 3664 4728 2240 9199 5715
437 4644 8042 2329 3745 5535 9566 6249 4238 4416 9593 1638 6734 2264 4341 1625 5880
438 7562 5754 7278 2150 5652 4644 667 8464 1666 4033 6964 4780 6739 4341
439 4293 8042 7559 2111 3702 2934 9137 4076 4730 6611 5674 5339 1425 2240 3982
440 5350 6734 8464 3456 4891 6979 4505 9449 3702 6739 4735 2721 7459 1942 7260 9027 813 7413 2240 321
441 2085 5335 6002 2111 1220 1107 6739 8025 6837 5587 3530 2879 7285 5155 813 2240 7153 3012
442 2369 9206 2150 3860 505 779 7837 9675 1682 5389 5628 6903 5788 3543 2240 9139 7153
443 3417 5161 4891 4293 7157 6739 6002 4644 505 5335 2240
444 670 5547 505 9675 4644 6002 8548 4356 2369 9449 2879 9216 2911 1728 2240 5880 321
445 6002 5247 3664 5308 4253 2806 3536 9235 827 4391 278 3079 4340 8387 2240
446 7115 4891 6002 8042 8025 4330 1230 6414 6267 5509 9260 1625 2240 8134 7153
447 792 5308 5678 6249 5547 2111 7082 3664 8389 5247 6287 6506 9265 2240 7153 321
448 6920 1670 4166 759 278 6002 6698 8042 5335 2369 667 8916 9056 2856 4341 2240 7153 1668
449 2369 7562 6281 7581 191 2258 6734 2744 1670 1028 5247 9036 2240 8134
450 2939 7461 5553 949 7368 505 9898 6388 5687 4238 9295 2369 6890 9129 4909 2240
451 2787 8549 2515 7977 4808 6002 9675 4908 6628 1670 5247 6920 2240 9129 9139 7153 321
452 578 4066 9675 4941 6002 4226 2369 6734 6852 3192 9442 7992 2240 6547
453 5247 7562 578 3518 5308 9216 6395 1682 5330 9745 5416 5788 1670 7285 2240 7153
454 331 1262 1237 8249 4648 7174 6395 5161 8423 4071 7630 2240 7153
455 7562 7559 5547 2741 6267 2896 2515 8042 6574 5468 895 5401 9659 2240 321
456 1028 4808 7562 9066 1670 6706 6698 9398 9188 7160 6185 6767 9129 2240 321
457 6698 7562 1423 4976 8052 3637 2369 6767 895 9606 6457 6734 4027 6281 5307 7883 2240
458 5069 4027 2111 4891 478 2476 7719 4556 3192 895 2369 2396 8548 670 1560 5788 7736 9453 2240 321
459 6281 1220 6698 4027 5634 7562 1838 8762 1019 6706 6185 5308 133 8618 7285
460 4027 1262 2264 5022 7562 888 1220 3017 7228 1670 8481 8057 3561 6547 9301 2240 4341 321
461 4027 505 2203 6698 2408 4766 871 9728 6155 5547 4891 3284 5056 792 3664 6547 4624 2240 321
462 6002 2787 505 895 3267 2369 7262 7155 2408 133 6698 3664 6786 6134 6547 9129 7285 2240
463 6002 5161 7278 1028 3267 9982 9021 6731 7457 6653 2203 7262 9398 6413 2264 523 8618 5247 1670 6547 2240
464 2203 6002 2787 3194 6185 6859 1262 9021 8618 7939 3536 7321 6134 9129 7153 2240
465 3153 331 7562 2369 6002 2787 6213 578 182 5247 6281 5788
466 6002 8342 2787 7155 6698 9312 5547 8004 3456 3637 1028 5200 7939 6547 1670 9443 2240 3074 7153
467 7562 4721 4891 6706 3523 4976 8507 4027 7155 4780 5525 1670 4314 2240 6547
468 3153 578 8389 9066 4721 7228 286 7447 6257 7562 6332 8043 4314 3543 3894 9968
469 4766 8052 3153 3745 7155 4345 3005 3766 8389 3310 8045 7321 1670 8043 6547 2240 79
470 4721 493 7155 9507 9675 8042 7447 949 6002 6281 482 450 7736 6547 1670 2240 9968 79
471 3745 8052 8042 4077 2369 4721 768 4956 9316 3561 8743 8140 246 1353 450 745 79 2240
472 2331 4086 641 6698 7155 3523 4721 9438 4449 9312 1670 4027 4985 9930 6547 2240 79
473 3745 8052 578 9887 5634 2408 4891 3895 2061 670 2150 1479 6258 79
474 3745 4667 493 4027 7155 1107 7810 7213 3837 3153 578 1407 8507 7713 8043 412
475 7155 915 8052 3745 6698 6185 9312 6002 5351 493 9066 9290 2240 79
476 578 2744 4330 4976 6269 3745 1028 7285 6840 5704 9312 6698 7314 8140 1020 2150 1670 7012 9930 7709 2240 79
477 578 493 5692 7228 4976 4553 5617 4340 2486 6281 2203 2240 7883
478 3745 8260 5135 2744 9876 5330 1127 8768 8045 3153 9688 6482 2240 79 1668
479 6840 7115 493 5961 1371 8045 578 9659 3017 1020 703 7880 4340
480 3745 8052 2744 8042 790 4553 9791 2150 1962 5704 7028 2896 7314 7048 9137 8140 5155 1670 9023 745 2240 8994 3012
481 3745 9636 7155 7115 5617 1107 2203 2408 6468 9440 2787 4314 2240
482 8052 3297 482 1107 4086 2896 6698 7155 5135 3745 8040 8260 7285 1323 1625 4027 79 2240 2
483 9887 8040 8743 578 5135 6653 2741 8841 7228 8793 8389 8052 1323 8618 5097 4340 1625 79
484 8618 1323 1107 7810 5069 6002 6269 9440 2551 578 1407 4086 7732
485 578 505 1323 2369 8949 8052 8416 493 379 6269 6267 5961 9349 6547 745 79 2240
486 3745 6698 2408 8052 2331 8949 6002 1796 5652 5069 4086 9159 813 8618 7285 7880 1625 3074 79
487 6506 8949 493 5069 790 1252 9507 1529 278 9450 6675 9265 4486 8566 2263 2240 4340
488 790 8260 4644 8040 9440 5525 5069 1107 472 9450 9876 9265 79 7153
489 4644 6468 3153 4086 4027 5135 2741 2744 8045 731 9876 7228 8618 5547 8125 6101 79
490 4721 2741 4644 7155 2408 5069 2744 3297 6267 493 6170 8841 2240 7709 8043
491 1020 3888 4726 366 790 779 7925 5069 4721 8618 5247 8043 4985 935
492 4644 9636 7638 9526 4060 2787 4293 5330 1323 278 4027 8125 9265 6101 9968
493 8040 790 9265 8750 6269 1423 2744 2741 3745 1107 2279 4721 7447 6153 6101 1625 9968
494 578 3888 7837 2408 4644 4293 8618 871 3297 4941 4027 9265 7285 7949 9968
495 4644 4726 8743 246 871 9636 3745 4407 5389 9507 2896 2811 8140 5525 949 7459 4027 1042 2240 9968
496 1181 2408 5617 482 7321 6506 578 9887 1323 6675 4726 790 4134 4985 1625 6258 935
497 4644 246 5069 6840 6258 4721 3297 2787 3837 949 2741 6457 4293 8618 3745 8140 6153 9265 9968
498 4644 4721 1181 4293 2744 366 3005 4407 3375 1905 6506 6258 6170 7880 8387 3936
499 3005 9640 8140 578 915 3523 2787 2279 2085 8618 5547 1423 1122 9887 1181 6258 9301 847 7874 7285 2240
